Arguments: 
  /usr/bin/node /home/gunhaxxor/.yarn/bin/yarn.js add mediasoup@3 -D

PATH: 
  /home/gunhaxxor/.yarn/bin:/home/gunhaxxor/.config/yarn/global/node_modules/.bin:/home/gunhaxxor/.vscode-server/bin/6cba118ac49a1b88332f312a8f67186f7f3c1643/bin:/home/gunhaxxor/.yarn/bin:/home/gunhaxxor/.config/yarn/global/node_modules/.bin:/usr/local/sbin:/usr/local/bin:/usr/sbin:/usr/bin:/sbin:/bin:/usr/games:/usr/local/games:/mnt/c/Users/gunhaxxor/.gradle/wrapper/dists/gradle-6.5-all/2oz4ud9k3tuxjg84bbf55q0tn/gradle-6.5/bin:/mnt/c/Users/gunhaxxor/.windows-build-tools/python27:/mnt/c/Windows/system32:/mnt/c/Windows:/mnt/c/Windows/System32/Wbem:/mnt/c/Windows/System32/WindowsPowerShell/v1.0/:/mnt/c/Windows/System32/OpenSSH/:/mnt/c/Program Files/dotnet/:/mnt/c/Program Files/Git/cmd:/mnt/c/Program Files (x86)/nodejs/:/mnt/c/ProgramData/chocolatey/bin:/mnt/c/Program Files/Java/jdk1.8.0_311/bin:/mnt/c/Program Files/Docker/Docker/resources/bin:/mnt/c/ProgramData/DockerDesktop/version-bin:/mnt/c/Users/gunhaxxor/AppData/Local/Android/Sdk/build-tools/30.0.3:/mnt/c/Users/gunhaxxor/AppData/Local/Android/Sdk/platform-tools:/mnt/c/Users/gunhaxxor/AppData/Local/Microsoft/WindowsApps:/mnt/c/flutter/bin:/mnt/c/Users/gunhaxxor/AppData/Local/Programs/Microsoft VS Code/bin:/mnt/c/Users/gunhaxxor/AppData/Roaming/npm:/snap/bin

Yarn version: 
  1.22.15

Node version: 
  14.17.6

Platform: 
  linux x64

Trace: 
  Error: EACCES: permission denied, unlink '/home/gunhaxxor/inclubit-2/types/node_modules/.bin/sdp-verify'

npm manifest: 
  {
    "name": "types",
    "version": "1.0.0",
    "description": "shared types for front & back",
    "main": "index.js",
    "author": "Gunnar Oledal",
    "license": "MIT",
    "dependencies": {},
    "devDependencies": {
      "mediasoup-client": "3"
    }
  }

yarn manifest: 
  No manifest

Lockfile: 
  # THIS IS AN AUTOGENERATED FILE. DO NOT EDIT THIS FILE DIRECTLY.
  # yarn lockfile v1
  
  
  "@types/debug@^4.1.7":
    version "4.1.7"
    resolved "https://registry.yarnpkg.com/@types/debug/-/debug-4.1.7.tgz#7cc0ea761509124709b8b2d1090d8f6c17aadb82"
    integrity sha512-9AonUzyTjXXhEOa0DnqpzZi6VHlqKMswga9EXjpXnnqxwLtdvPPtlO8evrI5D9S6asFRCQ6v+wpiUKbw+vKqyg==
    dependencies:
      "@types/ms" "*"
  
  "@types/events@^3.0.0":
    version "3.0.0"
    resolved "https://registry.yarnpkg.com/@types/events/-/events-3.0.0.tgz#2862f3f58a9a7f7c3e78d79f130dd4d71c25c2a7"
    integrity sha512-EaObqwIvayI5a8dCzhFrjKzVwKLxjoG9T6Ppd5CEo07LRKfQ8Yokw54r5+Wq7FaBQ+yXRvQAYPrHwya1/UFt9g==
  
  "@types/ms@*":
    version "0.7.31"
    resolved "https://registry.yarnpkg.com/@types/ms/-/ms-0.7.31.tgz#31b7ca6407128a3d2bbc27fe2d21b345397f6197"
    integrity sha512-iiUgKzV9AuaEkZqkOLDIvlQiL6ltuZd9tGcW3gwpnX8JbuiuhFlEGmmFXEXkN50Cvq7Os88IY2v0dkDqXYWVgA==
  
  awaitqueue@^2.3.3:
    version "2.3.3"
    resolved "https://registry.yarnpkg.com/awaitqueue/-/awaitqueue-2.3.3.tgz#35e6568970fcac3de1644a2c28abc1074045b570"
    integrity sha512-RbzQg6VtPUtyErm55iuQLTrBJ2uihy5BKBOEkyBwv67xm5Fn2o/j+Bz+a5BmfSoe2oZ5dcz9Z3fExS8pL+LLhw==
  
  bowser@^2.11.0:
    version "2.11.0"
    resolved "https://registry.yarnpkg.com/bowser/-/bowser-2.11.0.tgz#5ca3c35757a7aa5771500c70a73a9f91ef420a8f"
    integrity sha512-AlcaJBi/pqqJBIQ8U9Mcpc9i8Aqxn88Skv5d+xBX006BY5u8N3mGLHa5Lgppa7L/HfwgwLgZ6NYs+Ag6uUmJRA==
  
  debug@^4.1.1, debug@^4.3.2:
    version "4.3.2"
    resolved "https://registry.yarnpkg.com/debug/-/debug-4.3.2.tgz#f0a49c18ac8779e31d4a0c6029dfb76873c7428b"
    integrity sha512-mOp8wKcvj7XxC78zLgw/ZA+6TSgkoE2C/ienthhRD298T7UNwAg9diBpLRxC0mOezLl4B0xV7M0cCO6P/O0Xhw==
    dependencies:
      ms "2.1.2"
  
  event-target-shim@^5.0.1:
    version "5.0.1"
    resolved "https://registry.yarnpkg.com/event-target-shim/-/event-target-shim-5.0.1.tgz#5d4d3ebdf9583d63a5333ce2deb7480ab2b05789"
    integrity sha512-i/2XbnSz/uxRCU6+NdVJgKWDTM427+MqYbkQzD321DuCQJUqOuJKIA0IM2+W2xtYHdKOmZ4dR6fExsd4SXL+WQ==
  
  events@^3.3.0:
    version "3.3.0"
    resolved "https://registry.yarnpkg.com/events/-/events-3.3.0.tgz#31a95ad0a924e2d2c419a813aeb2c4e878ea7400"
    integrity sha512-mQw+2fkQbALzQ7V0MY0IqdnXNOeTtP4r0lN9z7AAawCXgqea7bDii20AYrIBrFd/Hx0M2Ocz6S111CaFkUcb0Q==
  
  fake-mediastreamtrack@^1.1.6:
    version "1.1.6"
    resolved "https://registry.yarnpkg.com/fake-mediastreamtrack/-/fake-mediastreamtrack-1.1.6.tgz#2cbdfae201b9771cb8a6b988120ce0edf25eb6ca"
    integrity sha512-lcoO5oPsW57istAsnjvQxNjBEahi18OdUhWfmEewwfPfzNZnji5OXuodQM+VnUPi/1HnQRJ6gBUjbt1TNXrkjQ==
    dependencies:
      event-target-shim "^5.0.1"
      uuid "^8.1.0"
  
  h264-profile-level-id@^1.0.1:
    version "1.0.1"
    resolved "https://registry.yarnpkg.com/h264-profile-level-id/-/h264-profile-level-id-1.0.1.tgz#92033c190766c846e57c6a97e4c1d922943a9cce"
    integrity sha512-D3Rln/jKNjKDW5ZTJTK3niSoOGE+pFqPvRHHVgQN3G7umcn/zWGPUo8Q8VpDj16x3hKz++zVviRNRmXu5cpN+Q==
    dependencies:
      debug "^4.1.1"
  
  has-flag@^4.0.0:
    version "4.0.0"
    resolved "https://registry.yarnpkg.com/has-flag/-/has-flag-4.0.0.tgz#944771fd9c81c81265c4d6941860da06bb59479b"
    integrity sha512-EykJT/Q1KjTWctppgIAgfSO0tKVuZUjhgMr17kqTumMl6Afv3EISleU7qZUzoXDFTAHTDC4NOoG/ZxU3EvlMPQ==
  
  mediasoup-client@3:
    version "3.6.43"
    resolved "https://registry.yarnpkg.com/mediasoup-client/-/mediasoup-client-3.6.43.tgz#ac1d64d4ec63fba498e16d945b96858686aaf27c"
    integrity sha512-fieD9iLlLpyKMaW7EdE8RjOLonQYUoKHwDKHecwCZLXmP2RIwizTJN6NLXCOyappWX7rJNk95BgbLbJSxT28Xw==
    dependencies:
      "@types/debug" "^4.1.7"
      "@types/events" "^3.0.0"
      awaitqueue "^2.3.3"
      bowser "^2.11.0"
      debug "^4.3.2"
      events "^3.3.0"
      fake-mediastreamtrack "^1.1.6"
      h264-profile-level-id "^1.0.1"
      sdp-transform "^2.14.1"
      supports-color "^8.1.1"
  
  ms@2.1.2:
    version "2.1.2"
    resolved "https://registry.yarnpkg.com/ms/-/ms-2.1.2.tgz#d09d1f357b443f493382a8eb3ccd183872ae6009"
    integrity sha512-sGkPx+VjMtmA6MX27oA4FBFELFCZZ4S4XqeGOXCv68tT+jb3vk/RyaKWP0PTKyWtmLSM0b+adUTEvbs1PEaH2w==
  
  sdp-transform@^2.14.1:
    version "2.14.1"
    resolved "https://registry.yarnpkg.com/sdp-transform/-/sdp-transform-2.14.1.tgz#2bb443583d478dee217df4caa284c46b870d5827"
    integrity sha512-RjZyX3nVwJyCuTo5tGPx+PZWkDMCg7oOLpSlhjDdZfwUoNqG1mM8nyj31IGHyaPWXhjbP7cdK3qZ2bmkJ1GzRw==
  
  supports-color@^8.1.1:
    version "8.1.1"
    resolved "https://registry.yarnpkg.com/supports-color/-/supports-color-8.1.1.tgz#cd6fc17e28500cff56c1b86c0a7fd4a54a73005c"
    integrity sha512-MpUEN2OodtUzxvKQl72cUF7RQ5EiHsGvSsVG0ia9c5RbWGL2CI4C7EpPS8UTBIplnlzZiNuV56w+FuNxy3ty2Q==
    dependencies:
      has-flag "^4.0.0"
  
  uuid@^8.1.0:
    version "8.3.2"
    resolved "https://registry.yarnpkg.com/uuid/-/uuid-8.3.2.tgz#80d5b5ced271bb9af6c445f21a1a04c606cefbe2"
    integrity sha512-+NYs2QeMWy+GWFOEm9xnn6HCDp0l7QBD7ml8zLUmJ+93Q5NF0NocErnwkTkXVFNiX3/fpC6afS8Dhb/gz7R7eg==
